<?xml version="1.0" encoding="UTF-8"?>
<!-- Generated by org.testng.reporters.JUnitReportReporter -->
<testsuite hostname="Zak" failures="0" tests="1" name="driverfractory.Apptest" time="18.027" errors="0" timestamp="2024-03-27T16:31:29 IST" skipped="0">
  <testcase classname="driverfractory.Apptest" name="kickstart" time="18.027"/>
</testsuite> <!-- driverfractory.Apptest -->
