<?xml version="1.0" encoding="UTF-8"?>
<!-- Generated by org.testng.reporters.JUnitReportReporter -->
<testsuite hostname="Zak" failures="0" tests="1" name="driverfractory.DriverScript" time="18.301" errors="0" timestamp="2024-03-27T11:40:33 IST" skipped="0">
  <testcase classname="driverfractory.DriverScript" name="startTest" time="18.301">
    <system-out>
      <![CDATA[Stock-000001038======Stock-000001038]]>
    </system-out>
  </testcase> <!-- startTest -->
  <system-out>
    <![CDATA[Stock-000001038======Stock-000001038]]>
  </system-out>
</testsuite> <!-- driverfractory.DriverScript -->
